<?xml version="1.0" encoding="utf-8"?><testsuites name="pytest tests"><testsuite name="pytest" errors="0" failures="3" skipped="2" tests="16" time="2.510" timestamp="2026-05-22T15:58:41.994346+00:00" hostname="agent-env-e96babe8-11f1-42f9-8e87-d7b47b282027"><testcase classname="backend.tests.test_barangay_api.TestAuth" name="test_login_success" time="0.529" /><testcase classname="backend.tests.test_barangay_api.TestAuth" name="test_login_invalid" time="0.229" /><testcase classname="backend.tests.test_barangay_api.TestAuth" name="test_auth_me" time="0.371" /><testcase classname="backend.tests.test_barangay_api.TestDashboard" name="test_stats" time="0.081" /><testcase classname="backend.tests.test_barangay_api.TestResidents" name="test_create_resident" time="0.081" /><testcase classname="backend.tests.test_barangay_api.TestResidents" name="test_get_residents_list" time="0.343" /><testcase classname="backend.tests.test_barangay_api.TestResidents" name="test_search_residents" time="0.073" /><testcase classname="backend.tests.test_barangay_api.TestResidents" name="test_get_resident_by_id" time="0.081"><failure message="AssertionError: GET by id failed: 404 - residents may not store 'id' field&#10;assert 404 == 200&#10; +  where 404 = &lt;Response [404]&gt;.status_code">backend/tests/test_barangay_api.py:97: in test_get_resident_by_id
    assert r.status_code == 200, f"GET by id failed: {r.status_code} - residents may not store 'id' field"
E   AssertionError: GET by id failed: 404 - residents may not store 'id' field
E   assert 404 == 200
E    +  where 404 = &lt;Response [404]&gt;.status_code</failure></testcase><testcase classname="backend.tests.test_barangay_api.TestResidents" name="test_delete_resident" time="0.084"><failure message="AssertionError: Delete failed: {&quot;detail&quot;:&quot;Resident not found&quot;}&#10;assert 404 == 200&#10; +  where 404 = &lt;Response [404]&gt;.status_code">backend/tests/test_barangay_api.py:103: in test_delete_resident
    assert r.status_code == 200, f"Delete failed: {r.text}"
E   AssertionError: Delete failed: {"detail":"Resident not found"}
E   assert 404 == 200
E    +  where 404 = &lt;Response [404]&gt;.status_code</failure></testcase><testcase classname="backend.tests.test_barangay_api.TestDocuments" name="test_create_resident_for_doc" time="0.075" /><testcase classname="backend.tests.test_barangay_api.TestDocuments" name="test_create_document_request" time="0.133"><failure message="AssertionError: {&quot;detail&quot;:&quot;Resident not found&quot;}&#10;assert 404 == 200&#10; +  where 404 = &lt;Response [404]&gt;.status_code">backend/tests/test_barangay_api.py:132: in test_create_document_request
    assert r.status_code == 200, r.text
E   AssertionError: {"detail":"Resident not found"}
E   assert 404 == 200
E    +  where 404 = &lt;Response [404]&gt;.status_code</failure></testcase><testcase classname="backend.tests.test_barangay_api.TestDocuments" name="test_list_document_requests" time="0.081" /><testcase classname="backend.tests.test_barangay_api.TestDocuments" name="test_approve_document" time="0.000"><skipped type="pytest.skip" message="Skipped">/app/backend/tests/test_barangay_api.py:144: Skipped</skipped></testcase><testcase classname="backend.tests.test_barangay_api.TestDocuments" name="test_download_document_pdf" time="0.000"><skipped type="pytest.skip" message="Skipped">/app/backend/tests/test_barangay_api.py:150: Skipped</skipped></testcase><testcase classname="backend.tests.test_barangay_api.TestDocuments" name="test_cleanup_resident" time="0.074" /><testcase classname="backend.tests.test_barangay_api.TestLogout" name="test_logout" time="0.070" /></testsuite></testsuites>