<?xml version="1.0" encoding="utf-8"?><testsuites name="pytest tests"><testsuite name="pytest" errors="0" failures="1" skipped="0" tests="47" time="6.335" timestamp="2026-05-22T16:28:17.027678+00:00" hostname="agent-env-e96babe8-11f1-42f9-8e87-d7b47b282027"><testcase classname="backend.tests.test_modules.TestResidentEditAndPhoto" name="test_get_resident" time="0.752" /><testcase classname="backend.tests.test_modules.TestResidentEditAndPhoto" name="test_update_resident" time="0.214" /><testcase classname="backend.tests.test_modules.TestResidentEditAndPhoto" name="test_photo_upload" time="0.129" /><testcase classname="backend.tests.test_modules.TestHouseholds" name="test_create_household" time="0.087" /><testcase classname="backend.tests.test_modules.TestHouseholds" name="test_list_households" time="0.069" /><testcase classname="backend.tests.test_modules.TestHouseholds" name="test_household_members" time="0.073" /><testcase classname="backend.tests.test_modules.TestHouseholds" name="test_delete_household" time="0.069" /><testcase classname="backend.tests.test_modules.TestBlotter" name="test_create" time="0.086" /><testcase classname="backend.tests.test_modules.TestBlotter" name="test_list" time="0.074" /><testcase classname="backend.tests.test_modules.TestBlotter" name="test_update" time="0.071" /><testcase classname="backend.tests.test_modules.TestBlotter" name="test_delete" time="0.073" /><testcase classname="backend.tests.test_modules.TestBusiness" name="test_create" time="0.073" /><testcase classname="backend.tests.test_modules.TestBusiness" name="test_list" time="0.073" /><testcase classname="backend.tests.test_modules.TestBusiness" name="test_renew" time="0.074" /><testcase classname="backend.tests.test_modules.TestBusiness" name="test_delete" time="0.068" /><testcase classname="backend.tests.test_modules.TestHealth" name="test_create" time="0.087" /><testcase classname="backend.tests.test_modules.TestHealth" name="test_list" time="0.073" /><testcase classname="backend.tests.test_modules.TestHealth" name="test_delete" time="0.073" /><testcase classname="backend.tests.test_modules.TestWelfare" name="test_create" time="0.091" /><testcase classname="backend.tests.test_modules.TestWelfare" name="test_list" time="0.078" /><testcase classname="backend.tests.test_modules.TestWelfare" name="test_delete" time="0.075" /><testcase classname="backend.tests.test_modules.TestAppointments" name="test_create" time="0.082" /><testcase classname="backend.tests.test_modules.TestAppointments" name="test_list" time="0.079" /><testcase classname="backend.tests.test_modules.TestAppointments" name="test_update_status" time="0.070" /><testcase classname="backend.tests.test_modules.TestAppointments" name="test_delete" time="0.074" /><testcase classname="backend.tests.test_modules.TestPayments" name="test_create" time="0.082" /><testcase classname="backend.tests.test_modules.TestPayments" name="test_list" time="0.071" /><testcase classname="backend.tests.test_modules.TestPayments" name="test_delete" time="0.069" /><testcase classname="backend.tests.test_modules.TestBarangayID" name="test_create" time="0.080" /><testcase classname="backend.tests.test_modules.TestBarangayID" name="test_list" time="0.073" /><testcase classname="backend.tests.test_modules.TestBarangayID" name="test_download" time="0.106"><failure message="AssertionError: Internal Server Error&#10;assert 500 == 200&#10; +  where 500 = &lt;Response [500]&gt;.status_code">backend/tests/test_modules.py:309: in test_download
    assert r.status_code == 200, r.text
E   AssertionError: Internal Server Error
E   assert 500 == 200
E    +  where 500 = &lt;Response [500]&gt;.status_code</failure></testcase><testcase classname="backend.tests.test_modules.TestBarangayID" name="test_delete" time="0.121" /><testcase classname="backend.tests.test_modules.TestPortal" name="test_submit_public_request" time="0.128" /><testcase classname="backend.tests.test_modules.TestPortal" name="test_track_public" time="0.117" /><testcase classname="backend.tests.test_modules.TestPortal" name="test_track_invalid" time="0.192" /><testcase classname="backend.tests.test_modules.TestPortal" name="test_admin_list_portal_requests" time="0.078" /><testcase classname="backend.tests.test_modules.TestPortal" name="test_admin_process" time="0.072" /><testcase classname="backend.tests.test_modules.TestReports" name="test_residents_report" time="0.074" /><testcase classname="backend.tests.test_modules.TestReports" name="test_financial_report" time="0.072" /><testcase classname="backend.tests.test_modules" name="test_document_pdf_generation[barangay_clearance]" time="0.265" /><testcase classname="backend.tests.test_modules" name="test_document_pdf_generation[certificate_of_residency]" time="0.241" /><testcase classname="backend.tests.test_modules" name="test_document_pdf_generation[certificate_of_indigency]" time="0.240" /><testcase classname="backend.tests.test_modules" name="test_document_pdf_generation[good_moral_certificate]" time="0.239" /><testcase classname="backend.tests.test_modules" name="test_document_pdf_generation[first_time_job_seeker]" time="0.270" /><testcase classname="backend.tests.test_modules" name="test_document_pdf_generation[solo_parent_certificate]" time="0.240" /><testcase classname="backend.tests.test_modules" name="test_document_pdf_generation[cohabitation_certificate]" time="0.242" /><testcase classname="backend.tests.test_modules" name="test_document_pdf_generation[business_clearance]" time="0.287" /></testsuite></testsuites>